369  [main] DEBUG o.s.core.env.StandardEnvironment - Initializing new StandardEnvironment
374  [main] DEBUG o.s.core.env.StandardEnvironment - Adding [systemProperties] PropertySource with lowest search precedence
376  [main] DEBUG o.s.core.env.StandardEnvironment - Adding [systemEnvironment] PropertySource with lowest search precedence
376  [main] DEBUG o.s.core.env.StandardEnvironment - Initialized StandardEnvironment with PropertySources [systemProperties,systemEnvironment]
383  [main] INFO  o.s.b.f.xml.XmlBeanDefinitionReader - Loading XML bean definitions from class path resource [application_config.xml]
307  [main] DEBUG o.s.core.env.StandardEnvironment - Initializing new StandardEnvironment
331  [main] DEBUG o.s.core.env.StandardEnvironment - Adding [systemProperties] PropertySource with lowest search precedence
333  [main] DEBUG o.s.core.env.StandardEnvironment - Adding [systemEnvironment] PropertySource with lowest search precedence
333  [main] DEBUG o.s.core.env.StandardEnvironment - Initialized StandardEnvironment with PropertySources [systemProperties,systemEnvironment]
339  [main] INFO  o.s.b.f.xml.XmlBeanDefinitionReader - Loading XML bean definitions from class path resource [application-config.xml]
282  [main] DEBUG o.s.core.env.StandardEnvironment - Initializing new StandardEnvironment
285  [main] DEBUG o.s.core.env.StandardEnvironment - Adding [systemProperties] PropertySource with lowest search precedence
286  [main] DEBUG o.s.core.env.StandardEnvironment - Adding [systemEnvironment] PropertySource with lowest search precedence
287  [main] DEBUG o.s.core.env.StandardEnvironment - Initialized StandardEnvironment with PropertySources [systemProperties,systemEnvironment]
293  [main] INFO  o.s.b.f.xml.XmlBeanDefinitionReader - Loading XML bean definitions from class path resource [spring/application-config.xml]
330  [main] DEBUG o.s.b.f.xml.DefaultDocumentLoader - Using JAXP provider [com.sun.org.apache.xerces.internal.jaxp.DocumentBuilderFactoryImpl]
462  [main] TRACE o.s.b.f.xml.PluggableSchemaResolver - Trying to resolve XML entity with public id [null] and system id [http://www.springframework.org/schema/beans/spring-beans.xsd]
463  [main] DEBUG o.s.b.f.xml.PluggableSchemaResolver - Loading schema mappings from [META-INF/spring.schemas]
492  [main] DEBUG o.s.b.f.xml.PluggableSchemaResolver - Loaded schema mappings: {http://mybatis.org/schema/mybatis-spring-1.2.xsd=org/mybatis/spring/config/mybatis-spring-1.2.xsd, http://www.springframework.org/schema/util/spring-util.xsd=org/springframework/beans/factory/xml/spring-util-3.2.xsd, http://www.springframework.org/schema/jee/spring-jee-3.2.xsd=org/springframework/ejb/config/spring-jee-3.2.xsd, http://www.springframework.org/schema/mvc/spring-mvc-3.1.xsd=org/springframework/web/servlet/config/spring-mvc-3.1.xsd, http://www.springframework.org/schema/task/spring-task.xsd=org/springframework/scheduling/config/spring-task-3.2.xsd, http://www.springframework.org/schema/beans/spring-beans-3.1.xsd=org/springframework/beans/factory/xml/spring-beans-3.1.xsd, http://www.springframework.org/schema/cache/spring-cache.xsd=org/springframework/cache/config/spring-cache-3.2.xsd, http://www.springframework.org/schema/aop/spring-aop-3.0.xsd=org/springframework/aop/config/spring-aop-3.0.xsd, http://www.springframework.org/schema/aop/spring-aop-2.0.xsd=org/springframework/aop/config/spring-aop-2.0.xsd, http://www.springframework.org/schema/task/spring-task-3.1.xsd=org/springframework/scheduling/config/spring-task-3.1.xsd, http://www.springframework.org/schema/tool/spring-tool-2.5.xsd=org/springframework/beans/factory/xml/spring-tool-2.5.xsd, http://www.springframework.org/schema/beans/spring-beans.xsd=org/springframework/beans/factory/xml/spring-beans-3.2.xsd, http://www.springframework.org/schema/jee/spring-jee-2.5.xsd=org/springframework/ejb/config/spring-jee-2.5.xsd, http://www.springframework.org/schema/jdbc/spring-jdbc-3.1.xsd=org/springframework/jdbc/config/spring-jdbc-3.1.xsd, http://www.springframework.org/schema/tool/spring-tool-3.1.xsd=org/springframework/beans/factory/xml/spring-tool-3.1.xsd, http://www.springframework.org/schema/aop/spring-aop.xsd=org/springframework/aop/config/spring-aop-3.2.xsd, http://www.springframework.org/schema/jee/spring-jee-3.1.xsd=org/springframework/ejb/config/spring-jee-3.1.xsd, http://www.springframework.org/schema/tx/spring-tx-3.2.xsd=org/springframework/transaction/config/spring-tx-3.2.xsd, http://www.springframework.org/schema/context/spring-context-3.2.xsd=org/springframework/context/config/spring-context-3.2.xsd, http://www.springframework.org/schema/beans/spring-beans-2.0.xsd=org/springframework/beans/factory/xml/spring-beans-2.0.xsd, http://www.springframework.org/schema/util/spring-util-3.2.xsd=org/springframework/beans/factory/xml/spring-util-3.2.xsd, http://www.springframework.org/schema/lang/spring-lang-3.2.xsd=org/springframework/scripting/config/spring-lang-3.2.xsd, http://www.springframework.org/schema/mvc/spring-mvc-3.0.xsd=org/springframework/web/servlet/config/spring-mvc-3.0.xsd, http://www.springframework.org/schema/beans/spring-beans-3.0.xsd=org/springframework/beans/factory/xml/spring-beans-3.0.xsd, http://www.springframework.org/schema/cache/spring-cache-3.2.xsd=org/springframework/cache/config/spring-cache-3.2.xsd, http://www.springframework.org/schema/task/spring-task-3.0.xsd=org/springframework/scheduling/config/spring-task-3.0.xsd, http://mybatis.org/schema/mybatis-spring.xsd=org/mybatis/spring/config/mybatis-spring-1.2.xsd, http://www.springframework.org/schema/tx/spring-tx-2.5.xsd=org/springframework/transaction/config/spring-tx-2.5.xsd, http://www.springframework.org/schema/context/spring-context-2.5.xsd=org/springframework/context/config/spring-context-2.5.xsd, http://www.springframework.org/schema/jdbc/spring-jdbc-3.0.xsd=org/springframework/jdbc/config/spring-jdbc-3.0.xsd, http://www.springframework.org/schema/tool/spring-tool-3.0.xsd=org/springframework/beans/factory/xml/spring-tool-3.0.xsd, http://www.springframework.org/schema/tx/spring-tx.xsd=org/springframework/transaction/config/spring-tx-3.2.xsd, http://www.springframework.org/schema/lang/spring-lang.xsd=org/springframework/scripting/config/spring-lang-3.2.xsd, http://www.springframework.org/schema/tool/spring-tool-2.0.xsd=org/springframework/beans/factory/xml/spring-tool-2.0.xsd, http://www.springframework.org/schema/util/spring-util-2.5.xsd=org/springframework/beans/factory/xml/spring-util-2.5.xsd, http://www.springframework.org/schema/lang/spring-lang-2.5.xsd=org/springframework/scripting/config/spring-lang-2.5.xsd, http://www.springframework.org/schema/aop/spring-aop-3.2.xsd=org/springframework/aop/config/spring-aop-3.2.xsd, http://www.springframework.org/schema/jee/spring-jee-3.0.xsd=org/springframework/ejb/config/spring-jee-3.0.xsd, http://www.springframework.org/schema/tx/spring-tx-3.1.xsd=org/springframework/transaction/config/spring-tx-3.1.xsd, http://www.springframework.org/schema/jee/spring-jee-2.0.xsd=org/springframework/ejb/config/spring-jee-2.0.xsd, http://www.springframework.org/schema/context/spring-context-3.1.xsd=org/springframework/context/config/spring-context-3.1.xsd, http://www.springframework.org/schema/util/spring-util-3.1.xsd=org/springframework/beans/factory/xml/spring-util-3.1.xsd, http://www.springframework.org/schema/lang/spring-lang-3.1.xsd=org/springframework/scripting/config/spring-lang-3.1.xsd, http://www.springframework.org/schema/cache/spring-cache-3.1.xsd=org/springframework/cache/config/spring-cache-3.1.xsd, http://www.springframework.org/schema/context/spring-context.xsd=org/springframework/context/config/spring-context-3.2.xsd, http://www.springframework.org/schema/jee/spring-jee.xsd=org/springframework/ejb/config/spring-jee-3.2.xsd, http://www.springframework.org/schema/aop/spring-aop-2.5.xsd=org/springframework/aop/config/spring-aop-2.5.xsd, http://www.springframework.org/schema/mvc/spring-mvc.xsd=org/springframework/web/servlet/config/spring-mvc-3.2.xsd, http://www.springframework.org/schema/jdbc/spring-jdbc.xsd=org/springframework/jdbc/config/spring-jdbc-3.2.xsd, http://www.springframework.org/schema/mvc/spring-mvc-3.2.xsd=org/springframework/web/servlet/config/spring-mvc-3.2.xsd, http://www.springframework.org/schema/beans/spring-beans-3.2.xsd=org/springframework/beans/factory/xml/spring-beans-3.2.xsd, http://www.springframework.org/schema/tx/spring-tx-2.0.xsd=org/springframework/transaction/config/spring-tx-2.0.xsd, http://www.springframework.org/schema/aop/spring-aop-3.1.xsd=org/springframework/aop/config/spring-aop-3.1.xsd, http://www.springframework.org/schema/task/spring-task-3.2.xsd=org/springframework/scheduling/config/spring-task-3.2.xsd, http://www.springframework.org/schema/tx/spring-tx-3.0.xsd=org/springframework/transaction/config/spring-tx-3.0.xsd, http://www.springframework.org/schema/context/spring-context-3.0.xsd=org/springframework/context/config/spring-context-3.0.xsd, http://www.springframework.org/schema/tool/spring-tool.xsd=org/springframework/beans/factory/xml/spring-tool-3.2.xsd, http://www.springframework.org/schema/util/spring-util-3.0.xsd=org/springframework/beans/factory/xml/spring-util-3.0.xsd, http://www.springframework.org/schema/lang/spring-lang-3.0.xsd=org/springframework/scripting/config/spring-lang-3.0.xsd, http://www.springframework.org/schema/util/spring-util-2.0.xsd=org/springframework/beans/factory/xml/spring-util-2.0.xsd, http://www.springframework.org/schema/lang/spring-lang-2.0.xsd=org/springframework/scripting/config/spring-lang-2.0.xsd, http://www.springframework.org/schema/jdbc/spring-jdbc-3.2.xsd=org/springframework/jdbc/config/spring-jdbc-3.2.xsd, http://www.springframework.org/schema/tool/spring-tool-3.2.xsd=org/springframework/beans/factory/xml/spring-tool-3.2.xsd, http://www.springframework.org/schema/beans/spring-beans-2.5.xsd=org/springframework/beans/factory/xml/spring-beans-2.5.xsd}
493  [main] DEBUG o.s.b.f.xml.PluggableSchemaResolver - Found XML schema [http://www.springframework.org/schema/beans/spring-beans.xsd] in classpath: org/springframework/beans/factory/xml/spring-beans-3.2.xsd
554  [main] TRACE o.s.b.f.xml.PluggableSchemaResolver - Trying to resolve XML entity with public id [null] and system id [http://www.springframework.org/schema/context/spring-context.xsd]
555  [main] DEBUG o.s.b.f.xml.PluggableSchemaResolver - Found XML schema [http://www.springframework.org/schema/context/spring-context.xsd] in classpath: org/springframework/context/config/spring-context-3.2.xsd
560  [main] TRACE o.s.b.f.xml.PluggableSchemaResolver - Trying to resolve XML entity with public id [null] and system id [http://www.springframework.org/schema/tool/spring-tool-3.2.xsd]
561  [main] DEBUG o.s.b.f.xml.PluggableSchemaResolver - Found XML schema [http://www.springframework.org/schema/tool/spring-tool-3.2.xsd] in classpath: org/springframework/beans/factory/xml/spring-tool-3.2.xsd
565  [main] TRACE o.s.b.f.xml.PluggableSchemaResolver - Trying to resolve XML entity with public id [null] and system id [http://www.springframework.org/schema/jee/spring-jee-3.2.xsd]
566  [main] DEBUG o.s.b.f.xml.PluggableSchemaResolver - Found XML schema [http://www.springframework.org/schema/jee/spring-jee-3.2.xsd] in classpath: org/springframework/ejb/config/spring-jee-3.2.xsd
573  [main] TRACE o.s.b.f.xml.PluggableSchemaResolver - Trying to resolve XML entity with public id [null] and system id [http://www.springframework.org/schema/tx/spring-tx-3.2.xsd]
574  [main] DEBUG o.s.b.f.xml.PluggableSchemaResolver - Found XML schema [http://www.springframework.org/schema/tx/spring-tx-3.2.xsd] in classpath: org/springframework/transaction/config/spring-tx-3.2.xsd
593  [main] DEBUG o.s.b.f.x.DefaultBeanDefinitionDocumentReader - Loading bean definitions
638  [main] DEBUG o.s.b.f.x.DefaultNamespaceHandlerResolver - Loaded NamespaceHandler mappings: {http://www.springframework.org/schema/p=org.springframework.beans.factory.xml.SimplePropertyNamespaceHandler, http://www.springframework.org/schema/mvc=org.springframework.web.servlet.config.MvcNamespaceHandler, http://www.springframework.org/schema/util=org.springframework.beans.factory.xml.UtilNamespaceHandler, http://www.springframework.org/schema/jee=org.springframework.ejb.config.JeeNamespaceHandler, http://www.springframework.org/schema/aop=org.springframework.aop.config.AopNamespaceHandler, http://www.springframework.org/schema/jdbc=org.springframework.jdbc.config.JdbcNamespaceHandler, http://www.springframework.org/schema/cache=org.springframework.cache.config.CacheNamespaceHandler, http://mybatis.org/schema/mybatis-spring=org.mybatis.spring.config.NamespaceHandler, http://www.springframework.org/schema/c=org.springframework.beans.factory.xml.SimpleConstructorNamespaceHandler, http://www.springframework.org/schema/tx=org.springframework.transaction.config.TxNamespaceHandler, http://www.springframework.org/schema/task=org.springframework.scheduling.config.TaskNamespaceHandler, http://www.springframework.org/schema/lang=org.springframework.scripting.config.LangNamespaceHandler, http://www.springframework.org/schema/context=org.springframework.context.config.ContextNamespaceHandler}
1394 [main] DEBUG o.s.c.i.s.PathMatchingResourcePatternResolver - Looking for matching resources in directory tree [C:\db\git\joojoo\target\classes\joojoo]
1394 [main] DEBUG o.s.c.i.s.PathMatchingResourcePatternResolver - Searching directory [C:\db\git\joojoo\target\classes\joojoo] for files matching pattern [C:/db/git/joojoo/target/classes/joojoo/*/**/*.class]
1430 [main] DEBUG o.s.c.i.s.PathMatchingResourcePatternResolver - Searching directory [C:\db\git\joojoo\target\classes\joojoo\dao] for files matching pattern [C:/db/git/joojoo/target/classes/joojoo/*/**/*.class]
1431 [main] DEBUG o.s.c.i.s.PathMatchingResourcePatternResolver - Searching directory [C:\db\git\joojoo\target\classes\joojoo\entity] for files matching pattern [C:/db/git/joojoo/target/classes/joojoo/*/**/*.class]
1433 [main] DEBUG o.s.c.i.s.PathMatchingResourcePatternResolver - Searching directory [C:\db\git\joojoo\target\classes\joojoo\test] for files matching pattern [C:/db/git/joojoo/target/classes/joojoo/*/**/*.class]
1435 [main] DEBUG o.s.c.i.s.PathMatchingResourcePatternResolver - Resolved location pattern [classpath*:joojoo/*/**/*.class] to resources [file [C:\db\git\joojoo\target\classes\joojoo\dao\CouponDao.class], file [C:\db\git\joojoo\target\classes\joojoo\dao\CouponDaoImpl.class], file [C:\db\git\joojoo\target\classes\joojoo\dao\EventCommentDao.class], file [C:\db\git\joojoo\target\classes\joojoo\dao\OwnersDao.class], file [C:\db\git\joojoo\target\classes\joojoo\dao\OwnersDaoImple.class], file [C:\db\git\joojoo\target\classes\joojoo\dao\ReviewCommentDao.class], file [C:\db\git\joojoo\target\classes\joojoo\dao\StoreDao.class], file [C:\db\git\joojoo\target\classes\joojoo\dao\StoreDaoImpl.class], file [C:\db\git\joojoo\target\classes\joojoo\dao\UsersDao.class], file [C:\db\git\joojoo\target\classes\joojoo\dao\UsersDaoImple.class], file [C:\db\git\joojoo\target\classes\joojoo\dao\WishListDao.class], file [C:\db\git\joojoo\target\classes\joojoo\dao\WishListDaoImpl.class], file [C:\db\git\joojoo\target\classes\joojoo\entity\Coupon.class], file [C:\db\git\joojoo\target\classes\joojoo\entity\CouponStatus.class], file [C:\db\git\joojoo\target\classes\joojoo\entity\EventComment.class], file [C:\db\git\joojoo\target\classes\joojoo\entity\Owners.class], file [C:\db\git\joojoo\target\classes\joojoo\entity\Persons.class], file [C:\db\git\joojoo\target\classes\joojoo\entity\Region.class], file [C:\db\git\joojoo\target\classes\joojoo\entity\ReviewComment.class], file [C:\db\git\joojoo\target\classes\joojoo\entity\ServiceType.class], file [C:\db\git\joojoo\target\classes\joojoo\entity\Stores.class], file [C:\db\git\joojoo\target\classes\joojoo\entity\StoreType.class], file [C:\db\git\joojoo\target\classes\joojoo\entity\Users.class], file [C:\db\git\joojoo\target\classes\joojoo\entity\WishList.class], file [C:\db\git\joojoo\target\classes\joojoo\test\ContextTest.class], file [C:\db\git\joojoo\target\classes\joojoo\test\CouponDaoImplTest.class], file [C:\db\git\joojoo\target\classes\joojoo\test\DaoTest.class], file [C:\db\git\joojoo\target\classes\joojoo\test\Test.class]]
1436 [main] TRACE o.s.c.a.ClassPathBeanDefinitionScanner - Scanning file [C:\db\git\joojoo\target\classes\joojoo\dao\CouponDao.class]
1704 [main] TRACE o.s.c.a.ClassPathBeanDefinitionScanner - Ignored because not matching any filter: file [C:\db\git\joojoo\target\classes\joojoo\dao\CouponDao.class]
1704 [main] TRACE o.s.c.a.ClassPathBeanDefinitionScanner - Scanning file [C:\db\git\joojoo\target\classes\joojoo\dao\CouponDaoImpl.class]
1734 [main] TRACE o.s.c.a.ClassPathBeanDefinitionScanner - Ignored because not matching any filter: file [C:\db\git\joojoo\target\classes\joojoo\dao\CouponDaoImpl.class]
1734 [main] TRACE o.s.c.a.ClassPathBeanDefinitionScanner - Scanning file [C:\db\git\joojoo\target\classes\joojoo\dao\EventCommentDao.class]
1735 [main] TRACE o.s.c.a.ClassPathBeanDefinitionScanner - Ignored because not matching any filter: file [C:\db\git\joojoo\target\classes\joojoo\dao\EventCommentDao.class]
1735 [main] TRACE o.s.c.a.ClassPathBeanDefinitionScanner - Scanning file [C:\db\git\joojoo\target\classes\joojoo\dao\OwnersDao.class]
1735 [main] TRACE o.s.c.a.ClassPathBeanDefinitionScanner - Ignored because not matching any filter: file [C:\db\git\joojoo\target\classes\joojoo\dao\OwnersDao.class]
1736 [main] TRACE o.s.c.a.ClassPathBeanDefinitionScanner - Scanning file [C:\db\git\joojoo\target\classes\joojoo\dao\OwnersDaoImple.class]
1736 [main] TRACE o.s.c.a.ClassPathBeanDefinitionScanner - Ignored because not matching any filter: file [C:\db\git\joojoo\target\classes\joojoo\dao\OwnersDaoImple.class]
1736 [main] TRACE o.s.c.a.ClassPathBeanDefinitionScanner - Scanning file [C:\db\git\joojoo\target\classes\joojoo\dao\ReviewCommentDao.class]
1737 [main] TRACE o.s.c.a.ClassPathBeanDefinitionScanner - Ignored because not matching any filter: file [C:\db\git\joojoo\target\classes\joojoo\dao\ReviewCommentDao.class]
1737 [main] TRACE o.s.c.a.ClassPathBeanDefinitionScanner - Scanning file [C:\db\git\joojoo\target\classes\joojoo\dao\StoreDao.class]
1738 [main] TRACE o.s.c.a.ClassPathBeanDefinitionScanner - Ignored because not matching any filter: file [C:\db\git\joojoo\target\classes\joojoo\dao\StoreDao.class]
1738 [main] TRACE o.s.c.a.ClassPathBeanDefinitionScanner - Scanning file [C:\db\git\joojoo\target\classes\joojoo\dao\StoreDaoImpl.class]
1739 [main] TRACE o.s.c.a.ClassPathBeanDefinitionScanner - Ignored because not matching any filter: file [C:\db\git\joojoo\target\classes\joojoo\dao\StoreDaoImpl.class]
1739 [main] TRACE o.s.c.a.ClassPathBeanDefinitionScanner - Scanning file [C:\db\git\joojoo\target\classes\joojoo\dao\UsersDao.class]
1740 [main] TRACE o.s.c.a.ClassPathBeanDefinitionScanner - Ignored because not matching any filter: file [C:\db\git\joojoo\target\classes\joojoo\dao\UsersDao.class]
1740 [main] TRACE o.s.c.a.ClassPathBeanDefinitionScanner - Scanning file [C:\db\git\joojoo\target\classes\joojoo\dao\UsersDaoImple.class]
1741 [main] TRACE o.s.c.a.ClassPathBeanDefinitionScanner - Ignored because not matching any filter: file [C:\db\git\joojoo\target\classes\joojoo\dao\UsersDaoImple.class]
1741 [main] TRACE o.s.c.a.ClassPathBeanDefinitionScanner - Scanning file [C:\db\git\joojoo\target\classes\joojoo\dao\WishListDao.class]
1741 [main] TRACE o.s.c.a.ClassPathBeanDefinitionScanner - Ignored because not matching any filter: file [C:\db\git\joojoo\target\classes\joojoo\dao\WishListDao.class]
1741 [main] TRACE o.s.c.a.ClassPathBeanDefinitionScanner - Scanning file [C:\db\git\joojoo\target\classes\joojoo\dao\WishListDaoImpl.class]
1742 [main] TRACE o.s.c.a.ClassPathBeanDefinitionScanner - Ignored because not matching any filter: file [C:\db\git\joojoo\target\classes\joojoo\dao\WishListDaoImpl.class]
1742 [main] TRACE o.s.c.a.ClassPathBeanDefinitionScanner - Scanning file [C:\db\git\joojoo\target\classes\joojoo\entity\Coupon.class]
1744 [main] TRACE o.s.c.a.ClassPathBeanDefinitionScanner - Ignored because not matching any filter: file [C:\db\git\joojoo\target\classes\joojoo\entity\Coupon.class]
1744 [main] TRACE o.s.c.a.ClassPathBeanDefinitionScanner - Scanning file [C:\db\git\joojoo\target\classes\joojoo\entity\CouponStatus.class]
1745 [main] TRACE o.s.c.a.ClassPathBeanDefinitionScanner - Ignored because not matching any filter: file [C:\db\git\joojoo\target\classes\joojoo\entity\CouponStatus.class]
1746 [main] TRACE o.s.c.a.ClassPathBeanDefinitionScanner - Scanning file [C:\db\git\joojoo\target\classes\joojoo\entity\EventComment.class]
1747 [main] TRACE o.s.c.a.ClassPathBeanDefinitionScanner - Ignored because not matching any filter: file [C:\db\git\joojoo\target\classes\joojoo\entity\EventComment.class]
1747 [main] TRACE o.s.c.a.ClassPathBeanDefinitionScanner - Scanning file [C:\db\git\joojoo\target\classes\joojoo\entity\Owners.class]
1748 [main] TRACE o.s.c.a.ClassPathBeanDefinitionScanner - Ignored because not matching any filter: file [C:\db\git\joojoo\target\classes\joojoo\entity\Owners.class]
1748 [main] TRACE o.s.c.a.ClassPathBeanDefinitionScanner - Scanning file [C:\db\git\joojoo\target\classes\joojoo\entity\Persons.class]
1749 [main] TRACE o.s.c.a.ClassPathBeanDefinitionScanner - Ignored because not matching any filter: file [C:\db\git\joojoo\target\classes\joojoo\entity\Persons.class]
1749 [main] TRACE o.s.c.a.ClassPathBeanDefinitionScanner - Scanning file [C:\db\git\joojoo\target\classes\joojoo\entity\Region.class]
1751 [main] TRACE o.s.c.a.ClassPathBeanDefinitionScanner - Ignored because not matching any filter: file [C:\db\git\joojoo\target\classes\joojoo\entity\Region.class]
1751 [main] TRACE o.s.c.a.ClassPathBeanDefinitionScanner - Scanning file [C:\db\git\joojoo\target\classes\joojoo\entity\ReviewComment.class]
1752 [main] TRACE o.s.c.a.ClassPathBeanDefinitionScanner - Ignored because not matching any filter: file [C:\db\git\joojoo\target\classes\joojoo\entity\ReviewComment.class]
1754 [main] TRACE o.s.c.a.ClassPathBeanDefinitionScanner - Scanning file [C:\db\git\joojoo\target\classes\joojoo\entity\ServiceType.class]
1755 [main] TRACE o.s.c.a.ClassPathBeanDefinitionScanner - Ignored because not matching any filter: file [C:\db\git\joojoo\target\classes\joojoo\entity\ServiceType.class]
1755 [main] TRACE o.s.c.a.ClassPathBeanDefinitionScanner - Scanning file [C:\db\git\joojoo\target\classes\joojoo\entity\Stores.class]
1756 [main] TRACE o.s.c.a.ClassPathBeanDefinitionScanner - Ignored because not matching any filter: file [C:\db\git\joojoo\target\classes\joojoo\entity\Stores.class]
1756 [main] TRACE o.s.c.a.ClassPathBeanDefinitionScanner - Scanning file [C:\db\git\joojoo\target\classes\joojoo\entity\StoreType.class]
1757 [main] TRACE o.s.c.a.ClassPathBeanDefinitionScanner - Ignored because not matching any filter: file [C:\db\git\joojoo\target\classes\joojoo\entity\StoreType.class]
1757 [main] TRACE o.s.c.a.ClassPathBeanDefinitionScanner - Scanning file [C:\db\git\joojoo\target\classes\joojoo\entity\Users.class]
1758 [main] TRACE o.s.c.a.ClassPathBeanDefinitionScanner - Ignored because not matching any filter: file [C:\db\git\joojoo\target\classes\joojoo\entity\Users.class]
1759 [main] TRACE o.s.c.a.ClassPathBeanDefinitionScanner - Scanning file [C:\db\git\joojoo\target\classes\joojoo\entity\WishList.class]
1760 [main] TRACE o.s.c.a.ClassPathBeanDefinitionScanner - Ignored because not matching any filter: file [C:\db\git\joojoo\target\classes\joojoo\entity\WishList.class]
1760 [main] TRACE o.s.c.a.ClassPathBeanDefinitionScanner - Scanning file [C:\db\git\joojoo\target\classes\joojoo\test\ContextTest.class]
1761 [main] TRACE o.s.c.a.ClassPathBeanDefinitionScanner - Ignored because not matching any filter: file [C:\db\git\joojoo\target\classes\joojoo\test\ContextTest.class]
1761 [main] TRACE o.s.c.a.ClassPathBeanDefinitionScanner - Scanning file [C:\db\git\joojoo\target\classes\joojoo\test\CouponDaoImplTest.class]
1761 [main] TRACE o.s.c.a.ClassPathBeanDefinitionScanner - Ignored because not matching any filter: file [C:\db\git\joojoo\target\classes\joojoo\test\CouponDaoImplTest.class]
1762 [main] TRACE o.s.c.a.ClassPathBeanDefinitionScanner - Scanning file [C:\db\git\joojoo\target\classes\joojoo\test\DaoTest.class]
1763 [main] TRACE o.s.c.a.ClassPathBeanDefinitionScanner - Ignored because not matching any filter: file [C:\db\git\joojoo\target\classes\joojoo\test\DaoTest.class]
1763 [main] TRACE o.s.c.a.ClassPathBeanDefinitionScanner - Scanning file [C:\db\git\joojoo\target\classes\joojoo\test\Test.class]
1764 [main] TRACE o.s.c.a.ClassPathBeanDefinitionScanner - Ignored because not matching any filter: file [C:\db\git\joojoo\target\classes\joojoo\test\Test.class]
1806 [main] DEBUG o.s.b.f.xml.XmlBeanDefinitionReader - Loaded 13 bean definitions from location pattern [spring/application-config.xml]
1806 [main] INFO  o.s.c.s.GenericXmlApplicationContext - Refreshing org.springframework.context.support.GenericXmlApplicationContext@5f4c39d: startup date [Mon Feb 09 11:31:09 KST 2015]; root of context hierarchy
1807 [main] DEBUG o.s.c.s.GenericXmlApplicationContext - Bean factory for org.springframework.context.support.GenericXmlApplicationContext@5f4c39d: org.springframework.beans.factory.support.DefaultListableBeanFactory@af4e3b6: defining beans [org.springframework.context.support.PropertySourcesPlaceholderConfigurer#0,dataSource,org.springframework.context.annotation.internalConfigurationAnnotationProcessor,org.springframework.context.annotation.internalAutowiredAnnotationProcessor,org.springframework.context.annotation.internalRequiredAnnotationProcessor,org.springframework.context.annotation.internalCommonAnnotationProcessor,sqlSessionFactoryBean,sqlSessionTemplate,transactionManager,org.springframework.aop.config.internalAutoProxyCreator,org.springframework.transaction.annotation.AnnotationTransactionAttributeSource#0,org.springframework.transaction.interceptor.TransactionInterceptor#0,org.springframework.transaction.config.internalTransactionAdvisor]; root of factory hierarchy
1922 [main] DEBUG o.s.b.f.s.DefaultListableBeanFactory - Creating shared instance of singleton bean 'org.springframework.context.annotation.internalConfigurationAnnotationProcessor'
1922 [main] DEBUG o.s.b.f.s.DefaultListableBeanFactory - Creating instance of bean 'org.springframework.context.annotation.internalConfigurationAnnotationProcessor'
1995 [main] DEBUG o.s.b.f.s.DefaultListableBeanFactory - Eagerly caching bean 'org.springframework.context.annotation.internalConfigurationAnnotationProcessor' to allow for resolving potential circular references
2015 [main] DEBUG o.s.b.f.s.DefaultListableBeanFactory - Finished creating instance of bean 'org.springframework.context.annotation.internalConfigurationAnnotationProcessor'
2068 [main] DEBUG o.s.b.f.s.DefaultListableBeanFactory - Creating shared instance of singleton bean 'org.springframework.context.support.PropertySourcesPlaceholderConfigurer#0'
2069 [main] DEBUG o.s.b.f.s.DefaultListableBeanFactory - Creating instance of bean 'org.springframework.context.support.PropertySourcesPlaceholderConfigurer#0'
2089 [main] DEBUG o.s.b.f.s.DefaultListableBeanFactory - Eagerly caching bean 'org.springframework.context.support.PropertySourcesPlaceholderConfigurer#0' to allow for resolving potential circular references
2094 [main] TRACE o.s.c.i.s.SpringFactoriesLoader - Loaded [org.springframework.beans.BeanInfoFactory] names: [org.springframework.beans.ExtendedBeanInfoFactory]
2095 [main] TRACE o.s.b.CachedIntrospectionResults - Getting BeanInfo for class [org.springframework.context.support.PropertySourcesPlaceholderConfigurer]
2099 [main] TRACE o.s.b.CachedIntrospectionResults - Caching PropertyDescriptors for class [org.springframework.context.support.PropertySourcesPlaceholderConfigurer]
2099 [main] TRACE o.s.b.CachedIntrospectionResults - Found bean property 'beanFactory' of type [org.springframework.beans.factory.BeanFactory]
2114 [main] TRACE o.s.b.CachedIntrospectionResults - Found bean property 'beanName' of type [java.lang.String]
2114 [main] TRACE o.s.b.CachedIntrospectionResults - Found bean property 'class' of type [java.lang.Class]
2114 [main] TRACE o.s.b.CachedIntrospectionResults - Found bean property 'environment' of type [org.springframework.core.env.Environment]
2114 [main] TRACE o.s.b.CachedIntrospectionResults - Found bean property 'fileEncoding' of type [java.lang.String]
2114 [main] TRACE o.s.b.CachedIntrospectionResults - Found bean property 'ignoreResourceNotFound' of type [boolean]
2115 [main] TRACE o.s.b.CachedIntrospectionResults - Found bean property 'ignoreUnresolvablePlaceholders' of type [boolean]
2115 [main] TRACE o.s.b.CachedIntrospectionResults - Found bean property 'localOverride' of type [boolean]
2115 [main] TRACE o.s.b.CachedIntrospectionResults - Found bean property 'location' of type [org.springframework.core.io.Resource]
2115 [main] TRACE o.s.b.CachedIntrospectionResults - Found bean property 'locations' of type [[Lorg.springframework.core.io.Resource;]
2115 [main] TRACE o.s.b.CachedIntrospectionResults - Found bean property 'nullValue' of type [java.lang.String]
2115 [main] TRACE o.s.b.CachedIntrospectionResults - Found bean property 'order' of type [int]
2116 [main] TRACE o.s.b.CachedIntrospectionResults - Found bean property 'placeholderPrefix' of type [java.lang.String]
2116 [main] TRACE o.s.b.CachedIntrospectionResults - Found bean property 'placeholderSuffix' of type [java.lang.String]
2116 [main] TRACE o.s.b.CachedIntrospectionResults - Found bean property 'properties' of type [java.util.Properties]
2116 [main] TRACE o.s.b.CachedIntrospectionResults - Found bean property 'propertiesArray' of type [[Ljava.util.Properties;]
2116 [main] TRACE o.s.b.CachedIntrospectionResults - Found bean property 'propertiesPersister' of type [org.springframework.util.PropertiesPersister]
2116 [main] TRACE o.s.b.CachedIntrospectionResults - Found bean property 'propertySources' of type [org.springframework.core.env.PropertySources]
2116 [main] TRACE o.s.b.CachedIntrospectionResults - Found bean property 'valueSeparator' of type [java.lang.String]
2124 [main] DEBUG o.s.b.f.s.DefaultListableBeanFactory - Finished creating instance of bean 'org.springframework.context.support.PropertySourcesPlaceholderConfigurer#0'
2125 [main] DEBUG o.s.core.env.MutablePropertySources - Adding [environmentProperties] PropertySource with lowest search precedence
2125 [main] INFO  o.s.c.s.PropertySourcesPlaceholderConfigurer - Loading properties file from class path resource [db.properties]
2125 [main] INFO  o.s.b.f.s.DefaultListableBeanFactory - Destroying singletons in org.springframework.beans.factory.support.DefaultListableBeanFactory@af4e3b6: defining beans [org.springframework.context.support.PropertySourcesPlaceholderConfigurer#0,dataSource,org.springframework.context.annotation.internalConfigurationAnnotationProcessor,org.springframework.context.annotation.internalAutowiredAnnotationProcessor,org.springframework.context.annotation.internalRequiredAnnotationProcessor,org.springframework.context.annotation.internalCommonAnnotationProcessor,sqlSessionFactoryBean,sqlSessionTemplate,transactionManager,org.springframework.aop.config.internalAutoProxyCreator,org.springframework.transaction.annotation.AnnotationTransactionAttributeSource#0,org.springframework.transaction.interceptor.TransactionInterceptor#0,org.springframework.transaction.config.internalTransactionAdvisor,org.springframework.context.annotation.ConfigurationClassPostProcessor.importAwareProcessor]; root of factory hierarchy
280  [main] DEBUG o.s.core.env.StandardEnvironment - Initializing new StandardEnvironment
283  [main] DEBUG o.s.core.env.StandardEnvironment - Adding [systemProperties] PropertySource with lowest search precedence
284  [main] DEBUG o.s.core.env.StandardEnvironment - Adding [systemEnvironment] PropertySource with lowest search precedence
285  [main] DEBUG o.s.core.env.StandardEnvironment - Initialized StandardEnvironment with PropertySources [systemProperties,systemEnvironment]
291  [main] INFO  o.s.b.f.xml.XmlBeanDefinitionReader - Loading XML bean definitions from class path resource [application-config.xml]
